#
# There is insufficient memory for the Java Runtime Environment to continue.
# Native memory allocation (malloc) failed to allocate 1048448 bytes for Chunk::new
# Possible reasons:
#   The system is out of physical RAM or swap space
#   In 32 bit mode, the process size limit was hit
# Possible solutions:
#   Reduce memory load on the system
#   Increase physical memory or swap space
#   Check if swap backing store is full
#   Use 64 bit Java on a 64 bit OS
#   Decrease Java heap size (-Xmx/-Xms)
#   Decrease number of Java threads
#   Decrease Java thread stack sizes (-Xss)
#   Set larger code cache with -XX:ReservedCodeCacheSize=
# This output file may be truncated or incomplete.
#
#  Out of Memory Error (allocation.cpp:390), pid=5784, tid=4176
#
# JRE version: Java(TM) SE Runtime Environment (8.0_45-b14) (build 1.8.0_45-b14)
# Java VM: Java HotSpot(TM) 64-Bit Server VM (25.45-b02 mixed mode windows-amd64 compressed oops)
# Failed to write core dump. Minidumps are not enabled by default on client versions of Windows
#

---------------  T H R E A D  ---------------

Current thread (0x000000001570c000):  JavaThread "C2 CompilerThread0" daemon [_thread_in_native, id=4176, stack(0x0000000016c80000,0x0000000016d80000)]

Stack: [0x0000000016c80000,0x0000000016d80000]
Native frames: (J=compiled Java code, j=interpreted, Vv=VM code, C=native code)
V  [jvm.dll+0x32b57a]


Current CompileTask:
C2:   3285 1695   !   4       sun.java2d.SunGraphics2D::drawImage (145 bytes)


---------------  P R O C E S S  ---------------

Java Threads: ( => current thread )
  0x0000000018e71800 JavaThread "D3D Screen Updater" daemon [_thread_in_native, id=11040, stack(0x000000001d200000,0x000000001d300000)]
  0x00000000178fc800 JavaThread "AWT-EventQueue-0" [_thread_blocked, id=5376, stack(0x000000001cba0000,0x000000001cca0000)]
  0x0000000018d78000 JavaThread "Image Fetcher 3" daemon [_thread_blocked, id=716, stack(0x0000000019c90000,0x0000000019d90000)]
  0x00000000177b6800 JavaThread "Image Fetcher 2" daemon [_thread_blocked, id=6044, stack(0x0000000018bc0000,0x0000000018cc0000)]
  0x0000000017929000 JavaThread "Image Fetcher 1" daemon [_thread_blocked, id=9044, stack(0x0000000018ac0000,0x0000000018bc0000)]
  0x00000000172e2000 JavaThread "Image Fetcher 0" daemon [_thread_blocked, id=5908, stack(0x00000000189c0000,0x0000000018ac0000)]
  0x0000000017277800 JavaThread "AWT-Windows" daemon [_thread_in_native, id=10132, stack(0x00000000180d0000,0x00000000181d0000)]
  0x0000000017274000 JavaThread "AWT-Shutdown" [_thread_blocked, id=10372, stack(0x0000000017fd0000,0x00000000180d0000)]
  0x0000000017273000 JavaThread "Java2D Disposer" daemon [_thread_blocked, id=8212, stack(0x0000000017ed0000,0x0000000017fd0000)]
  0x000000001576e800 JavaThread "Service Thread" daemon [_thread_blocked, id=6200, stack(0x0000000017380000,0x0000000017480000)]
  0x0000000015713000 JavaThread "C1 CompilerThread2" daemon [_thread_blocked, id=10468, stack(0x0000000016e80000,0x0000000016f80000)]
  0x000000001570f800 JavaThread "C2 CompilerThread1" daemon [_thread_in_native, id=10652, stack(0x0000000016d80000,0x0000000016e80000)]
=>0x000000001570c000 JavaThread "C2 CompilerThread0" daemon [_thread_in_native, id=4176, stack(0x0000000016c80000,0x0000000016d80000)]
  0x000000001570a800 JavaThread "Attach Listener" daemon [_thread_blocked, id=7944, stack(0x0000000016b80000,0x0000000016c80000)]
  0x0000000015709800 JavaThread "Signal Dispatcher" daemon [_thread_blocked, id=10504, stack(0x0000000016a80000,0x0000000016b80000)]
  0x00000000032c6000 JavaThread "Finalizer" daemon [_thread_blocked, id=7440, stack(0x0000000016980000,0x0000000016a80000)]
  0x00000000032bd000 JavaThread "Reference Handler" daemon [_thread_blocked, id=180, stack(0x0000000016880000,0x0000000016980000)]
  0x00000000031d1000 JavaThread "main" [_thread_in_Java, id=1392, stack(0x00000000030d0000,0x00000000031d0000)]

Other Threads:
  0x00000000156d7800 VMThread [stack: 0x0000000016780000,0x0000000016880000] [id=11196]
  0x0000000016fa9000 WatcherThread [stack: 0x0000000017480000,0x0000000017580000] [id=8968]

VM state:not at safepoint (normal execution)

VM Mutex/Monitor currently owned by a thread: None

Heap:
 PSYoungGen      total 109568K, used 2713K [0x00000000ec180000, 0x00000000f3780000, 0x0000000100000000)
  eden space 98304K, 2% used [0x00000000ec180000,0x00000000ec40e4e8,0x00000000f2180000)
  from space 11264K, 0% used [0x00000000f2c80000,0x00000000f2c98000,0x00000000f3780000)
  to   space 11264K, 0% used [0x00000000f2180000,0x00000000f2180000,0x00000000f2c80000)
 ParOldGen       total 40960K, used 20456K [0x00000000c4400000, 0x00000000c6c00000, 0x00000000ec180000)
  object space 40960K, 49% used [0x00000000c4400000,0x00000000c57fa390,0x00000000c6c00000)
 Metaspace       used 10914K, capacity 11116K, committed 11392K, reserved 1058816K
  class space    used 1271K, capacity 1352K, committed 1408K, reserved 1048576K

Card table byte_map: [0x0000000012690000,0x0000000012870000] byte_map_base: 0x000000001206e000

Marking Bits: (ParMarkBitMap*) 0x0000000076d34040
 Begin Bits: [0x0000000012db0000, 0x0000000013ca0000)
 End Bits:   [0x0000000013ca0000, 0x0000000014b90000)

Polling page: 0x00000000011d0000

CodeCache: size=245760Kb used=6154Kb max_used=6154Kb free=239605Kb
 bounds [0x00000000032d0000, 0x00000000038e0000, 0x00000000122d0000]
 total_blobs=2240 nmethods=1765 adapters=388
 compilation: enabled

Compilation events (10 events):
Event: 3.130 Thread 0x0000000015713000 1768       3       sun.java2d.d3d.D3DScreenUpdateManager::createGraphics (76 bytes)
Event: 3.131 Thread 0x0000000015713000 nmethod 1768 0x00000000038cef90 code [0x00000000038cf160, 0x00000000038cfae8]
Event: 3.131 Thread 0x0000000015713000 1769   !   3       sun.java2d.d3d.D3DScreenUpdateManager::trackScreenSurface (78 bytes)
Event: 3.132 Thread 0x0000000015713000 nmethod 1769 0x00000000038cfe50 code [0x00000000038d0060, 0x00000000038d0da8]
Event: 3.132 Thread 0x0000000015713000 1770  s    3       sun.java2d.d3d.D3DScreenUpdateManager::startUpdateThread (38 bytes)
Event: 3.133 Thread 0x0000000015713000 nmethod 1770 0x00000000038d1590 code [0x00000000038d17a0, 0x00000000038d2688]
Event: 3.133 Thread 0x0000000015713000 1772   !   3       javax.swing.RepaintManager$4::run (278 bytes)
Event: 3.135 Thread 0x0000000015713000 nmethod 1772 0x00000000038d2b90 code [0x00000000038d2e60, 0x00000000038d44f8]
Event: 3.140 Thread 0x0000000015713000 1773       1       java.awt.Component::isEnabledImpl (5 bytes)
Event: 3.140 Thread 0x0000000015713000 nmethod 1773 0x00000000038d4e10 code [0x00000000038d4f60, 0x00000000038d5070]

GC Heap History (10 events):
Event: 2.356 GC heap before
{Heap before GC invocations=6 (full 0):
 PSYoungGen      total 64000K, used 62653K [0x00000000ec180000, 0x00000000f0280000, 0x0000000100000000)
  eden space 61440K, 100% used [0x00000000ec180000,0x00000000efd80000,0x00000000efd80000)
  from space 2560K, 47% used [0x00000000efd80000,0x00000000efeaf640,0x00000000f0000000)
  to   space 2560K, 0% used [0x00000000f0000000,0x00000000f0000000,0x00000000f0280000)
 ParOldGen       total 40960K, used 19215K [0x00000000c4400000, 0x00000000c6c00000, 0x00000000ec180000)
  object space 40960K, 46% used [0x00000000c4400000,0x00000000c56c3d40,0x00000000c6c00000)
 Metaspace       used 10773K, capacity 10988K, committed 11136K, reserved 1058816K
  class space    used 1271K, capacity 1352K, committed 1408K, reserved 1048576K
Event: 2.361 GC heap after
Heap after GC invocations=6 (full 0):
 PSYoungGen      total 64000K, used 1213K [0x00000000ec180000, 0x00000000f0280000, 0x0000000100000000)
  eden space 61440K, 0% used [0x00000000ec180000,0x00000000ec180000,0x00000000efd80000)
  from space 2560K, 47% used [0x00000000f0000000,0x00000000f012f640,0x00000000f0280000)
  to   space 2560K, 0% used [0x00000000efd80000,0x00000000efd80000,0x00000000f0000000)
 ParOldGen       total 40960K, used 19215K [0x00000000c4400000, 0x00000000c6c00000, 0x00000000ec180000)
  object space 40960K, 46% used [0x00000000c4400000,0x00000000c56c3d40,0x00000000c6c00000)
 Metaspace       used 10773K, capacity 10988K, committed 11136K, reserved 1058816K
  class space    used 1271K, capacity 1352K, committed 1408K, reserved 1048576K
}
Event: 2.484 GC heap before
{Heap before GC invocations=7 (full 0):
 PSYoungGen      total 64000K, used 62653K [0x00000000ec180000, 0x00000000f0280000, 0x0000000100000000)
  eden space 61440K, 100% used [0x00000000ec180000,0x00000000efd80000,0x00000000efd80000)
  from space 2560K, 47% used [0x00000000f0000000,0x00000000f012f640,0x00000000f0280000)
  to   space 2560K, 0% used [0x00000000efd80000,0x00000000efd80000,0x00000000f0000000)
 ParOldGen       total 40960K, used 19215K [0x00000000c4400000, 0x00000000c6c00000, 0x00000000ec180000)
  object space 40960K, 46% used [0x00000000c4400000,0x00000000c56c3d40,0x00000000c6c00000)
 Metaspace       used 10818K, capacity 11052K, committed 11136K, reserved 1058816K
  class space    used 1271K, capacity 1352K, committed 1408K, reserved 1048576K
Event: 2.488 GC heap after
Heap after GC invocations=7 (full 0):
 PSYoungGen      total 64000K, used 608K [0x00000000ec180000, 0x00000000f0280000, 0x0000000100000000)
  eden space 61440K, 0% used [0x00000000ec180000,0x00000000ec180000,0x00000000efd80000)
  from space 2560K, 23% used [0x00000000efd80000,0x00000000efe18010,0x00000000f0000000)
  to   space 2560K, 0% used [0x00000000f0000000,0x00000000f0000000,0x00000000f0280000)
 ParOldGen       total 40960K, used 19860K [0x00000000c4400000, 0x00000000c6c00000, 0x00000000ec180000)
  object space 40960K, 48% used [0x00000000c4400000,0x00000000c5765370,0x00000000c6c00000)
 Metaspace       used 10818K, capacity 11052K, committed 11136K, reserved 1058816K
  class space    used 1271K, capacity 1352K, committed 1408K, reserved 1048576K
}
Event: 2.624 GC heap before
{Heap before GC invocations=8 (full 0):
 PSYoungGen      total 64000K, used 62048K [0x00000000ec180000, 0x00000000f0280000, 0x0000000100000000)
  eden space 61440K, 100% used [0x00000000ec180000,0x00000000efd80000,0x00000000efd80000)
  from space 2560K, 23% used [0x00000000efd80000,0x00000000efe18010,0x00000000f0000000)
  to   space 2560K, 0% used [0x00000000f0000000,0x00000000f0000000,0x00000000f0280000)
 ParOldGen       total 40960K, used 19860K [0x00000000c4400000, 0x00000000c6c00000, 0x00000000ec180000)
  object space 40960K, 48% used [0x00000000c4400000,0x00000000c5765370,0x00000000c6c00000)
 Metaspace       used 10839K, capacity 11052K, committed 11136K, reserved 1058816K
  class space    used 1271K, capacity 1352K, committed 1408K, reserved 1048576K
Event: 2.627 GC heap after
Heap after GC invocations=8 (full 0):
 PSYoungGen      total 64000K, used 128K [0x00000000ec180000, 0x00000000f0280000, 0x0000000100000000)
  eden space 61440K, 0% used [0x00000000ec180000,0x00000000ec180000,0x00000000efd80000)
  from space 2560K, 5% used [0x00000000f0000000,0x00000000f0020000,0x00000000f0280000)
  to   space 2560K, 0% used [0x00000000efd80000,0x00000000efd80000,0x00000000f0000000)
 ParOldGen       total 40960K, used 20408K [0x00000000c4400000, 0x00000000c6c00000, 0x00000000ec180000)
  object space 40960K, 49% used [0x00000000c4400000,0x00000000c57ee390,0x00000000c6c00000)
 Metaspace       used 10839K, capacity 11052K, committed 11136K, reserved 1058816K
  class space    used 1271K, capacity 1352K, committed 1408K, reserved 1048576K
}
Event: 2.777 GC heap before
{Heap before GC invocations=9 (full 0):
 PSYoungGen      total 64000K, used 61568K [0x00000000ec180000, 0x00000000f0280000, 0x0000000100000000)
  eden space 61440K, 100% used [0x00000000ec180000,0x00000000efd80000,0x00000000efd80000)
  from space 2560K, 5% used [0x00000000f0000000,0x00000000f0020000,0x00000000f0280000)
  to   space 2560K, 0% used [0x00000000efd80000,0x00000000efd80000,0x00000000f0000000)
 ParOldGen       total 40960K, used 20408K [0x00000000c4400000, 0x00000000c6c00000, 0x00000000ec180000)
  object space 40960K, 49% used [0x00000000c4400000,0x00000000c57ee390,0x00000000c6c00000)
 Metaspace       used 10873K, capacity 11116K, committed 11392K, reserved 1058816K
  class space    used 1271K, capacity 1352K, committed 1408K, reserved 1048576K
Event: 2.778 GC heap after
Heap after GC invocations=9 (full 0):
 PSYoungGen      total 64000K, used 128K [0x00000000ec180000, 0x00000000f3780000, 0x0000000100000000)
  eden space 61440K, 0% used [0x00000000ec180000,0x00000000ec180000,0x00000000efd80000)
  from space 2560K, 5% used [0x00000000efd80000,0x00000000efda0000,0x00000000f0000000)
  to   space 11264K, 0% used [0x00000000f2c80000,0x00000000f2c80000,0x00000000f3780000)
 ParOldGen       total 40960K, used 20440K [0x00000000c4400000, 0x00000000c6c00000, 0x00000000ec180000)
  object space 40960K, 49% used [0x00000000c4400000,0x00000000c57f6390,0x00000000c6c00000)
 Metaspace       used 10873K, capacity 11116K, committed 11392K, reserved 1058816K
  class space    used 1271K, capacity 1352K, committed 1408K, reserved 1048576K
}
Event: 3.156 GC heap before
{Heap before GC invocations=10 (full 0):
 PSYoungGen      total 64000K, used 61568K [0x00000000ec180000, 0x00000000f3780000, 0x0000000100000000)
  eden space 61440K, 100% used [0x00000000ec180000,0x00000000efd80000,0x00000000efd80000)
  from space 2560K, 5% used [0x00000000efd80000,0x00000000efda0000,0x00000000f0000000)
  to   space 11264K, 0% used [0x00000000f2c80000,0x00000000f2c80000,0x00000000f3780000)
 ParOldGen       total 40960K, used 20440K [0x00000000c4400000, 0x00000000c6c00000, 0x00000000ec180000)
  object space 40960K, 49% used [0x00000000c4400000,0x00000000c57f6390,0x00000000c6c00000)
 Metaspace       used 10910K, capacity 11116K, committed 11392K, reserved 1058816K
  class space    used 1271K, capacity 1352K, committed 1408K, reserved 1048576K
Event: 3.158 GC heap after
Heap after GC invocations=10 (full 0):
 PSYoungGen      total 109568K, used 96K [0x00000000ec180000, 0x00000000f3780000, 0x0000000100000000)
  eden space 98304K, 0% used [0x00000000ec180000,0x00000000ec180000,0x00000000f2180000)
  from space 11264K, 0% used [0x00000000f2c80000,0x00000000f2c98000,0x00000000f3780000)
  to   space 11264K, 0% used [0x00000000f2180000,0x00000000f2180000,0x00000000f2c80000)
 ParOldGen       total 40960K, used 20456K [0x00000000c4400000, 0x00000000c6c00000, 0x00000000ec180000)
  object space 40960K, 49% used [0x00000000c4400000,0x00000000c57fa390,0x00000000c6c00000)
 Metaspace       used 10910K, capacity 11116K, committed 11392K, reserved 1058816K
  class space    used 1271K, capacity 1352K, committed 1408K, reserved 1048576K
}

Deoptimization events (10 events):
Event: 2.822 Thread 0x00000000178fc800 Uncommon trap: reason=class_check action=maybe_recompile pc=0x00000000035748f4 method=java.util.HashMap.getNode(ILjava/lang/Object;)Ljava/util/HashMap$Node; @ 126
Event: 2.875 Thread 0x00000000031d1000 Uncommon trap: reason=unstable_if action=reinterpret pc=0x000000000388d198 method=oopgame.gadgets.SpawnControl.spawn(D)V @ 15
Event: 2.876 Thread 0x00000000031d1000 Uncommon trap: reason=unstable_if action=reinterpret pc=0x000000000370d394 method=java.util.concurrent.CopyOnWriteArrayList$COWIterator.hasNext()Z @ 9
Event: 2.876 Thread 0x00000000031d1000 Uncommon trap: reason=unstable_if action=reinterpret pc=0x000000000370dc98 method=java.util.concurrent.CopyOnWriteArrayList$COWIterator.hasNext()Z @ 9
Event: 2.876 Thread 0x00000000031d1000 Uncommon trap: reason=unstable_if action=reinterpret pc=0x000000000387bbcc method=java.util.concurrent.CopyOnWriteArrayList$COWIterator.hasNext()Z @ 9
Event: 2.877 Thread 0x00000000031d1000 Uncommon trap: reason=unstable_if action=reinterpret pc=0x00000000038696e0 method=java.util.concurrent.CopyOnWriteArrayList$COWIterator.hasNext()Z @ 9
Event: 2.919 Thread 0x00000000031d1000 Uncommon trap: reason=unstable_if action=reinterpret pc=0x0000000003861528 method=oopgame.gameobjects.Player.move(D)V @ 38
Event: 2.920 Thread 0x00000000031d1000 Uncommon trap: reason=unstable_if action=reinterpret pc=0x000000000385d9c0 method=oopgame.gameobjects.Player.move(D)V @ 38
Event: 2.945 Thread 0x00000000031d1000 Uncommon trap: reason=unstable_if action=reinterpret pc=0x00000000038b0b14 method=oopgame.gameobjects.Player.move(D)V @ 38
Event: 3.075 Thread 0x00000000031d1000 Uncommon trap: reason=unstable_if action=reinterpret pc=0x00000000038b66b8 method=oopgame.gameobjects.Enemy.tick(D)V @ 20

Internal exceptions (10 events):
Event: 0.861 Thread 0x00000000178fc800 Implicit null exception at 0x00000000035f5f9e to 0x00000000035f71e4
Event: 0.861 Thread 0x00000000178fc800 Exception <a 'java/lang/NullPointerException'> (0x00000000ecafea38) thrown at [C:\re\workspace\8-2-build-windows-amd64-cygwin\jdk8u45\3457\hotspot\src\share\vm\runtime\sharedRuntime.cpp, line 605]
Event: 0.861 Thread 0x00000000178fc800 Exception <a 'java/io/FileNotFoundException'> (0x00000000ecb01de8) thrown at [C:\re\workspace\8-2-build-windows-amd64-cygwin\jdk8u45\3457\hotspot\src\share\vm\prims\jni.cpp, line 709]
Event: 0.861 Thread 0x00000000178fc800 Implicit null exception at 0x00000000035f5f9e to 0x00000000035f71e4
Event: 0.861 Thread 0x00000000178fc800 Exception <a 'java/lang/NullPointerException'> (0x00000000ecb02598) thrown at [C:\re\workspace\8-2-build-windows-amd64-cygwin\jdk8u45\3457\hotspot\src\share\vm\runtime\sharedRuntime.cpp, line 605]
Event: 0.863 Thread 0x00000000178fc800 Exception <a 'java/io/FileNotFoundException'> (0x00000000ecb21268) thrown at [C:\re\workspace\8-2-build-windows-amd64-cygwin\jdk8u45\3457\hotspot\src\share\vm\prims\jni.cpp, line 709]
Event: 0.863 Thread 0x00000000178fc800 Implicit null exception at 0x00000000035f5f9e to 0x00000000035f71e4
Event: 0.863 Thread 0x00000000178fc800 Exception <a 'java/lang/NullPointerException'> (0x00000000ecb21a18) thrown at [C:\re\workspace\8-2-build-windows-amd64-cygwin\jdk8u45\3457\hotspot\src\share\vm\runtime\sharedRuntime.cpp, line 605]
Event: 1.231 Thread 0x00000000178fc800 Implicit null exception at 0x0000000003651127 to 0x0000000003652529
Event: 1.904 Thread 0x00000000178fc800 Implicit null exception at 0x00000000035fc23b to 0x00000000035fc2b1

Events (10 events):
Event: 2.920 Thread 0x00000000031d1000 DEOPT PACKING pc=0x000000000385d9c0 sp=0x00000000031cf3d0
Event: 2.920 Thread 0x00000000031d1000 DEOPT UNPACKING pc=0x000000000331582a sp=0x00000000031cf378 mode 2
Event: 2.945 Thread 0x00000000031d1000 Uncommon trap: trap_request=0xffffff65 fr.pc=0x00000000038b0b14
Event: 2.945 Thread 0x00000000031d1000 DEOPT PACKING pc=0x00000000038b0b14 sp=0x00000000031cf4f0
Event: 2.946 Thread 0x00000000031d1000 DEOPT UNPACKING pc=0x000000000331582a sp=0x00000000031cf3e0 mode 2
Event: 3.075 Thread 0x00000000031d1000 Uncommon trap: trap_request=0xffffff65 fr.pc=0x00000000038b66b8
Event: 3.075 Thread 0x00000000031d1000 DEOPT PACKING pc=0x00000000038b66b8 sp=0x00000000031cf640
Event: 3.076 Thread 0x00000000031d1000 DEOPT UNPACKING pc=0x000000000331582a sp=0x00000000031cf470 mode 2
Event: 3.156 Executing VM operation: ParallelGCFailedAllocation
Event: 3.158 Executing VM operation: ParallelGCFailedAllocation done


Dynamic libraries:
0x00007ff6a02f0000 - 0x00007ff6a0327000 	C:\Program Files\Java\jdk1.8.0_45\bin\java.exe
0x00007ffba5800000 - 0x00007ffba59e1000 	C:\WINDOWS\SYSTEM32\ntdll.dll
0x00007ffba2c90000 - 0x00007ffba2d42000 	C:\WINDOWS\System32\KERNEL32.DLL
0x00007ffba2810000 - 0x00007ffba2a83000 	C:\WINDOWS\System32\KERNELBASE.dll
0x00007ffba2e40000 - 0x00007ffba2ee1000 	C:\WINDOWS\System32\ADVAPI32.dll
0x00007ffba3fb0000 - 0x00007ffba404e000 	C:\WINDOWS\System32\msvcrt.dll
0x00007ffba3750000 - 0x00007ffba37ab000 	C:\WINDOWS\System32\sechost.dll
0x00007ffba56a0000 - 0x00007ffba57c4000 	C:\WINDOWS\System32\RPCRT4.dll
0x00007ffba3080000 - 0x00007ffba3210000 	C:\WINDOWS\System32\USER32.dll
0x00007ffba1c70000 - 0x00007ffba1c90000 	C:\WINDOWS\System32\win32u.dll
0x00007ffba5540000 - 0x00007ffba5568000 	C:\WINDOWS\System32\GDI32.dll
0x00007ffba2a90000 - 0x00007ffba2c22000 	C:\WINDOWS\System32\gdi32full.dll
0x00007ffba1bd0000 - 0x00007ffba1c6f000 	C:\WINDOWS\System32\msvcp_win.dll
0x00007ffba26c0000 - 0x00007ffba27ba000 	C:\WINDOWS\System32\ucrtbase.dll
0x00007ffb97330000 - 0x00007ffb97599000 	C:\WINDOWS\WinSxS\amd64_microsoft.windows.common-controls_6595b64144ccf1df_6.0.17134.48_none_b4b2216a3cb4dd3e\COMCTL32.dll
0x00007ffba3230000 - 0x00007ffba3553000 	C:\WINDOWS\System32\combase.dll
0x00007ffba1d40000 - 0x00007ffba1dba000 	C:\WINDOWS\System32\bcryptPrimitives.dll
0x00007ffba2ef0000 - 0x00007ffba2f1d000 	C:\WINDOWS\System32\IMM32.DLL
0x0000000076450000 - 0x0000000076522000 	C:\Program Files\Java\jdk1.8.0_45\jre\bin\msvcr100.dll
0x0000000076530000 - 0x0000000076db3000 	C:\Program Files\Java\jdk1.8.0_45\jre\bin\server\jvm.dll
0x00007ffba3560000 - 0x00007ffba3568000 	C:\WINDOWS\System32\PSAPI.DLL
0x00007ffb9c700000 - 0x00007ffb9c70a000 	C:\WINDOWS\SYSTEM32\VERSION.dll
0x00007ffb9da50000 - 0x00007ffb9da59000 	C:\WINDOWS\SYSTEM32\WSOCK32.dll
0x00007ffb9ea70000 - 0x00007ffb9ea93000 	C:\WINDOWS\SYSTEM32\WINMM.dll
0x00007ffba37b0000 - 0x00007ffba381c000 	C:\WINDOWS\System32\WS2_32.dll
0x00007ffb9dad0000 - 0x00007ffb9dafa000 	C:\WINDOWS\SYSTEM32\winmmbase.dll
0x00007ffba27c0000 - 0x00007ffba2809000 	C:\WINDOWS\System32\cfgmgr32.dll
0x00000000777d0000 - 0x00000000777df000 	C:\Program Files\Java\jdk1.8.0_45\jre\bin\verify.dll
0x00000000763e0000 - 0x0000000076409000 	C:\Program Files\Java\jdk1.8.0_45\jre\bin\java.dll
0x00000000763c0000 - 0x00000000763d6000 	C:\Program Files\Java\jdk1.8.0_45\jre\bin\zip.dll
0x00007ffba4050000 - 0x00007ffba5490000 	C:\WINDOWS\System32\SHELL32.dll
0x00007ffba5490000 - 0x00007ffba5539000 	C:\WINDOWS\System32\shcore.dll
0x00007ffba1fb0000 - 0x00007ffba26bd000 	C:\WINDOWS\System32\windows.storage.dll
0x00007ffba5570000 - 0x00007ffba55c1000 	C:\WINDOWS\System32\shlwapi.dll
0x00007ffba1b60000 - 0x00007ffba1b71000 	C:\WINDOWS\System32\kernel.appcore.dll
0x00007ffba1b30000 - 0x00007ffba1b4f000 	C:\WINDOWS\System32\profapi.dll
0x00007ffba1b80000 - 0x00007ffba1bcc000 	C:\WINDOWS\System32\powrprof.dll
0x00007ffba1b50000 - 0x00007ffba1b5a000 	C:\WINDOWS\System32\FLTLIB.DLL
0x00000000761e0000 - 0x0000000076378000 	C:\Program Files\Java\jdk1.8.0_45\jre\bin\awt.dll
0x00007ffba55d0000 - 0x00007ffba5692000 	C:\WINDOWS\System32\OLEAUT32.dll
0x00007ffb9fea0000 - 0x00007ffb9ff2b000 	C:\WINDOWS\SYSTEM32\apphelp.dll
0x00007ffba0010000 - 0x00007ffba00a8000 	C:\WINDOWS\system32\uxtheme.dll
0x00007ffba3570000 - 0x00007ffba36e5000 	C:\WINDOWS\System32\MSCTF.dll
0x00007ffba02a0000 - 0x00007ffba02c9000 	C:\WINDOWS\system32\dwmapi.dll
0x00007ffba2f20000 - 0x00007ffba3071000 	C:\WINDOWS\System32\ole32.dll
0x00000000763a0000 - 0x00000000763ba000 	C:\Program Files\Java\jdk1.8.0_45\jre\bin\net.dll
0x00007ffba1390000 - 0x00007ffba13f6000 	C:\WINDOWS\system32\mswsock.dll
0x0000000076380000 - 0x0000000076391000 	C:\Program Files\Java\jdk1.8.0_45\jre\bin\nio.dll
0x00007ffb7a360000 - 0x00007ffb7a4f7000 	C:\WINDOWS\system32\d3d9.dll
0x00007ffb9c900000 - 0x00007ffb9ca0e000 	C:\WINDOWS\SYSTEM32\aticfx64.dll
0x00007ffb98e30000 - 0x00007ffb98e3f000 	C:\WINDOWS\SYSTEM32\atiu9p64.dll
0x00007ffb76420000 - 0x00007ffb76b50000 	C:\WINDOWS\SYSTEM32\atiumd64.dll
0x0000000076f20000 - 0x000000007733e000 	C:\WINDOWS\SYSTEM32\atiumd6a.dll
0x0000000076190000 - 0x00000000761d7000 	C:\Program Files\Java\jdk1.8.0_45\jre\bin\fontmanager.dll
0x00007ffb991e0000 - 0x00007ffb99278000 	C:\WINDOWS\System32\TextInputFramework.dll
0x00007ffb9cd30000 - 0x00007ffb9d04e000 	C:\WINDOWS\System32\CoreUIComponents.dll
0x00007ffb9fc90000 - 0x00007ffb9fd6a000 	C:\WINDOWS\System32\CoreMessaging.dll
0x00007ffba0bf0000 - 0x00007ffba0c21000 	C:\WINDOWS\SYSTEM32\ntmarta.dll
0x00007ffb9e060000 - 0x00007ffb9e1ad000 	C:\WINDOWS\SYSTEM32\wintypes.dll
0x0000000076140000 - 0x0000000076181000 	C:\Program Files\Java\jdk1.8.0_45\jre\bin\t2k.dll

VM Arguments:
jvm_args: -Dfile.encoding=UTF-8 
java_command: oopgame.main.OOPGame
java_class_path (initial): C:\Users\Conv DACC\Downloads\CacthEmAll 0.1.8  (1)\CacthEmAll 0.1.8  (1)\CatchEmAll 0.1.8\build\classes
Launcher Type: SUN_STANDARD

Environment Variables:
PATH=C:\Program Files (x86)\AMD APP\bin\x86_64;C:\Program Files (x86)\AMD APP\bin\x86;C:\Program Files (x86)\NVIDIA Corporation\PhysX\Common;C:\ProgramData\Oracle\Java\javapath;C:\WINDOWS\system32;C:\WINDOWS;C:\WINDOWS\System32\Wbem;C:\WINDOWS\System32\WindowsPowerShell\v1.0\;C:\Program Files (x86)\Common Files\Acronis\SnapAPI\;C:\MinGW\bin;C:\Program Files (x86)\ATI Technologies\ATI.ACE\Core-Static;C:\WINDOWS\System32\OpenSSH\;C:\Users\Conv DACC\AppData\Local\Microsoft\WindowsApps;C:\node;C:\Users\Conv DACC\AppData\Local\GitHubDesktop\bin;%USERPROFILE%\AppData\Local\Microsoft\WindowsApps;
USERNAME=Conv DACC
OS=Windows_NT
PROCESSOR_IDENTIFIER=AMD64 Family 21 Model 2 Stepping 0, AuthenticAMD



---------------  S Y S T E M  ---------------

OS: Windows 10.0 , 64 bit Build 17134 (10.0.17134.1)

CPU:total 4 (4 cores per cpu, 1 threads per core) family 21 model 2 stepping 0, cmov, cx8, fxsr, mmx, sse, sse2, sse3, ssse3, sse4.1, sse4.2, popcnt, avx, aes, clmul, mmxext, 3dnowpref, lzcnt, sse4a, tsc, tscinvbit, tscinv, bmi1

Memory: 4k page, physical 3913844k(419996k free), swap 3913844k(5120k free)

vm_info: Java HotSpot(TM) 64-Bit Server VM (25.45-b02) for windows-amd64 JRE (1.8.0_45-b14), built on Apr 10 2015 10:34:15 by "java_re" with MS VC++ 10.0 (VS2010)

time: Fri Jun 15 15:55:43 2018
elapsed time: 3 seconds (0d 0h 0m 3s)

