#
# There is insufficient memory for the Java Runtime Environment to continue.
# Native memory allocation (malloc) failed to allocate 1047776 bytes for Chunk::new
# Possible reasons:
#   The system is out of physical RAM or swap space
#   In 32 bit mode, the process size limit was hit
# Possible solutions:
#   Reduce memory load on the system
#   Increase physical memory or swap space
#   Check if swap backing store is full
#   Use 64 bit Java on a 64 bit OS
#   Decrease Java heap size (-Xmx/-Xms)
#   Decrease number of Java threads
#   Decrease Java thread stack sizes (-Xss)
#   Set larger code cache with -XX:ReservedCodeCacheSize=
# This output file may be truncated or incomplete.
#
#  Out of Memory Error (allocation.cpp:390), pid=6224, tid=1044
#
# JRE version: Java(TM) SE Runtime Environment (8.0_45-b14) (build 1.8.0_45-b14)
# Java VM: Java HotSpot(TM) 64-Bit Server VM (25.45-b02 mixed mode windows-amd64 compressed oops)
# Failed to write core dump. Minidumps are not enabled by default on client versions of Windows
#

---------------  T H R E A D  ---------------

Current thread (0x0000000015360000):  JavaThread "C2 CompilerThread1" daemon [_thread_in_native, id=1044, stack(0x00000000169d0000,0x0000000016ad0000)]

Stack: [0x00000000169d0000,0x0000000016ad0000]
Native frames: (J=compiled Java code, j=interpreted, Vv=VM code, C=native code)
V  [jvm.dll+0x32b57a]
V  [jvm.dll+0x279873]
V  [jvm.dll+0x27a509]
V  [jvm.dll+0x271825]
V  [jvm.dll+0xcb9e2]
V  [jvm.dll+0xcbeac]
V  [jvm.dll+0x476ef2]
V  [jvm.dll+0x4b955f]
V  [jvm.dll+0x46baa8]
V  [jvm.dll+0x46ccbe]
V  [jvm.dll+0x4500f2]
V  [jvm.dll+0xa4352]
V  [jvm.dll+0xa4c8f]
V  [jvm.dll+0x241984]
V  [jvm.dll+0x29853a]
C  [msvcr100.dll+0x21d9f]
C  [msvcr100.dll+0x21e3b]
C  [KERNEL32.DLL+0x13034]
C  [ntdll.dll+0x71551]


Current CompileTask:
C2:  13707 1882   !   4       sun.java2d.SunGraphics2D::drawImage (145 bytes)


---------------  P R O C E S S  ---------------

Java Threads: ( => current thread )
  0x0000000018fdb000 JavaThread "Image Fetcher 1" daemon [_thread_blocked, id=6976, stack(0x000000001fbb0000,0x000000001fcb0000)]
  0x000000001d701000 JavaThread "Image Fetcher 0" daemon [_thread_blocked, id=1784, stack(0x000000001fab0000,0x000000001fbb0000)]
  0x0000000017469000 JavaThread "D3D Screen Updater" daemon [_thread_in_native, id=6080, stack(0x000000001d080000,0x000000001d180000)]
  0x0000000017ab9000 JavaThread "AWT-EventQueue-0" [_thread_blocked, id=9444, stack(0x000000001cb20000,0x000000001cc20000)]
  0x0000000017a55000 JavaThread "AWT-Shutdown" [_thread_blocked, id=2928, stack(0x0000000019b00000,0x0000000019c00000)]
  0x0000000016f60800 JavaThread "AWT-Windows" daemon [_thread_in_native, id=9904, stack(0x0000000017d20000,0x0000000017e20000)]
  0x0000000017362800 JavaThread "Java2D Disposer" daemon [_thread_blocked, id=5140, stack(0x0000000017b20000,0x0000000017c20000)]
  0x0000000016bfa800 JavaThread "Service Thread" daemon [_thread_blocked, id=5200, stack(0x0000000016fd0000,0x00000000170d0000)]
  0x0000000015364800 JavaThread "C1 CompilerThread2" daemon [_thread_blocked, id=11164, stack(0x0000000016ad0000,0x0000000016bd0000)]
=>0x0000000015360000 JavaThread "C2 CompilerThread1" daemon [_thread_in_native, id=1044, stack(0x00000000169d0000,0x0000000016ad0000)]
  0x000000001535d000 JavaThread "C2 CompilerThread0" daemon [_thread_in_native, id=2456, stack(0x00000000168d0000,0x00000000169d0000)]
  0x000000001535b800 JavaThread "Attach Listener" daemon [_thread_blocked, id=4684, stack(0x00000000167d0000,0x00000000168d0000)]
  0x000000001535a000 JavaThread "Signal Dispatcher" daemon [_thread_blocked, id=2712, stack(0x00000000166d0000,0x00000000167d0000)]
  0x0000000002ee6000 JavaThread "Finalizer" daemon [_thread_blocked, id=5180, stack(0x00000000165c0000,0x00000000166c0000)]
  0x0000000002edd000 JavaThread "Reference Handler" daemon [_thread_blocked, id=1284, stack(0x00000000164c0000,0x00000000165c0000)]
  0x0000000002df1000 JavaThread "main" [_thread_in_Java, id=3868, stack(0x0000000002cf0000,0x0000000002df0000)]

Other Threads:
  0x0000000015327800 VMThread [stack: 0x00000000163c0000,0x00000000164c0000] [id=704]
  0x0000000016bfb000 WatcherThread [stack: 0x00000000170d0000,0x00000000171d0000] [id=7664]

VM state:not at safepoint (normal execution)

VM Mutex/Monitor currently owned by a thread: None

Heap:
 PSYoungGen      total 73216K, used 37582K [0x00000000ec180000, 0x00000000f1480000, 0x0000000100000000)
  eden space 61440K, 61% used [0x00000000ec180000,0x00000000ee61baa0,0x00000000efd80000)
  from space 11776K, 0% used [0x00000000efd80000,0x00000000efd98000,0x00000000f0900000)
  to   space 11776K, 0% used [0x00000000f0900000,0x00000000f0900000,0x00000000f1480000)
 ParOldGen       total 40960K, used 22719K [0x00000000c4400000, 0x00000000c6c00000, 0x00000000ec180000)
  object space 40960K, 55% used [0x00000000c4400000,0x00000000c5a2fde0,0x00000000c6c00000)
 Metaspace       used 10927K, capacity 11180K, committed 11392K, reserved 1058816K
  class space    used 1268K, capacity 1352K, committed 1408K, reserved 1048576K

Card table byte_map: [0x00000000122c0000,0x00000000124a0000] byte_map_base: 0x0000000011c9e000

Marking Bits: (ParMarkBitMap*) 0x0000000076d34040
 Begin Bits: [0x00000000129e0000, 0x00000000138d0000)
 End Bits:   [0x00000000138d0000, 0x00000000147c0000)

Polling page: 0x0000000002cc0000

CodeCache: size=245760Kb used=6885Kb max_used=6898Kb free=238874Kb
 bounds [0x0000000002f00000, 0x00000000035e0000, 0x0000000011f00000]
 total_blobs=2315 nmethods=1839 adapters=389
 compilation: enabled

Compilation events (10 events):
Event: 13.177 Thread 0x0000000015360000 nmethod 1875 0x000000000322f290 code [0x000000000322f3e0, 0x000000000322f4d8]
Event: 13.253 Thread 0x0000000015364800 1877       3       oopgame.gameobjects.Projectile::render (24 bytes)
Event: 13.253 Thread 0x0000000015360000 1878       4       java.util.Formatter::parse (151 bytes)
Event: 13.254 Thread 0x0000000015364800 nmethod 1877 0x0000000003096cd0 code [0x0000000003096e40, 0x00000000030970c8]
Event: 13.376 Thread 0x0000000015360000 nmethod 1878 0x00000000030c3e50 code [0x00000000030c4b00, 0x00000000030c6ef0]
Event: 13.376 Thread 0x0000000015360000 1879       4       java.util.Formatter$FormatSpecifier::<init> (246 bytes)
Event: 13.410 Thread 0x0000000015360000 nmethod 1879 0x00000000032d98d0 code [0x00000000032da4e0, 0x00000000032db510]
Event: 13.413 Thread 0x0000000015360000 1880       4       sun.java2d.SunGraphics2D::checkFontInfo (721 bytes)
Event: 13.526 Thread 0x0000000015360000 nmethod 1880 0x00000000032a92d0 code [0x00000000032a9600, 0x00000000032abb60]
Event: 13.526 Thread 0x0000000015360000 1882   !   4       sun.java2d.SunGraphics2D::drawImage (145 bytes)

GC Heap History (10 events):
Event: 11.110 GC heap before
{Heap before GC invocations=17 (full 0):
 PSYoungGen      total 73216K, used 61504K [0x00000000ec180000, 0x00000000f1480000, 0x0000000100000000)
  eden space 61440K, 100% used [0x00000000ec180000,0x00000000efd80000,0x00000000efd80000)
  from space 11776K, 0% used [0x00000000f0900000,0x00000000f0910000,0x00000000f1480000)
  to   space 11776K, 0% used [0x00000000efd80000,0x00000000efd80000,0x00000000f0900000)
 ParOldGen       total 40960K, used 22655K [0x00000000c4400000, 0x00000000c6c00000, 0x00000000ec180000)
  object space 40960K, 55% used [0x00000000c4400000,0x00000000c5a1fde0,0x00000000c6c00000)
 Metaspace       used 10906K, capacity 11116K, committed 11392K, reserved 1058816K
  class space    used 1267K, capacity 1352K, committed 1408K, reserved 1048576K
Event: 11.112 GC heap after
Heap after GC invocations=17 (full 0):
 PSYoungGen      total 73216K, used 128K [0x00000000ec180000, 0x00000000f1480000, 0x0000000100000000)
  eden space 61440K, 0% used [0x00000000ec180000,0x00000000ec180000,0x00000000efd80000)
  from space 11776K, 1% used [0x00000000efd80000,0x00000000efda0000,0x00000000f0900000)
  to   space 11776K, 0% used [0x00000000f0900000,0x00000000f0900000,0x00000000f1480000)
 ParOldGen       total 40960K, used 22679K [0x00000000c4400000, 0x00000000c6c00000, 0x00000000ec180000)
  object space 40960K, 55% used [0x00000000c4400000,0x00000000c5a25de0,0x00000000c6c00000)
 Metaspace       used 10906K, capacity 11116K, committed 11392K, reserved 1058816K
  class space    used 1267K, capacity 1352K, committed 1408K, reserved 1048576K
}
Event: 11.259 GC heap before
{Heap before GC invocations=18 (full 0):
 PSYoungGen      total 73216K, used 61568K [0x00000000ec180000, 0x00000000f1480000, 0x0000000100000000)
  eden space 61440K, 100% used [0x00000000ec180000,0x00000000efd80000,0x00000000efd80000)
  from space 11776K, 1% used [0x00000000efd80000,0x00000000efda0000,0x00000000f0900000)
  to   space 11776K, 0% used [0x00000000f0900000,0x00000000f0900000,0x00000000f1480000)
 ParOldGen       total 40960K, used 22679K [0x00000000c4400000, 0x00000000c6c00000, 0x00000000ec180000)
  object space 40960K, 55% used [0x00000000c4400000,0x00000000c5a25de0,0x00000000c6c00000)
 Metaspace       used 10906K, capacity 11116K, committed 11392K, reserved 1058816K
  class space    used 1267K, capacity 1352K, committed 1408K, reserved 1048576K
Event: 11.261 GC heap after
Heap after GC invocations=18 (full 0):
 PSYoungGen      total 73216K, used 64K [0x00000000ec180000, 0x00000000f1480000, 0x0000000100000000)
  eden space 61440K, 0% used [0x00000000ec180000,0x00000000ec180000,0x00000000efd80000)
  from space 11776K, 0% used [0x00000000f0900000,0x00000000f0910000,0x00000000f1480000)
  to   space 11776K, 0% used [0x00000000efd80000,0x00000000efd80000,0x00000000f0900000)
 ParOldGen       total 40960K, used 22695K [0x00000000c4400000, 0x00000000c6c00000, 0x00000000ec180000)
  object space 40960K, 55% used [0x00000000c4400000,0x00000000c5a29de0,0x00000000c6c00000)
 Metaspace       used 10906K, capacity 11116K, committed 11392K, reserved 1058816K
  class space    used 1267K, capacity 1352K, committed 1408K, reserved 1048576K
}
Event: 11.421 GC heap before
{Heap before GC invocations=19 (full 0):
 PSYoungGen      total 73216K, used 61504K [0x00000000ec180000, 0x00000000f1480000, 0x0000000100000000)
  eden space 61440K, 100% used [0x00000000ec180000,0x00000000efd80000,0x00000000efd80000)
  from space 11776K, 0% used [0x00000000f0900000,0x00000000f0910000,0x00000000f1480000)
  to   space 11776K, 0% used [0x00000000efd80000,0x00000000efd80000,0x00000000f0900000)
 ParOldGen       total 40960K, used 22695K [0x00000000c4400000, 0x00000000c6c00000, 0x00000000ec180000)
  object space 40960K, 55% used [0x00000000c4400000,0x00000000c5a29de0,0x00000000c6c00000)
 Metaspace       used 10906K, capacity 11116K, committed 11392K, reserved 1058816K
  class space    used 1267K, capacity 1352K, committed 1408K, reserved 1048576K
Event: 11.423 GC heap after
Heap after GC invocations=19 (full 0):
 PSYoungGen      total 73216K, used 64K [0x00000000ec180000, 0x00000000f1480000, 0x0000000100000000)
  eden space 61440K, 0% used [0x00000000ec180000,0x00000000ec180000,0x00000000efd80000)
  from space 11776K, 0% used [0x00000000efd80000,0x00000000efd90000,0x00000000f0900000)
  to   space 11776K, 0% used [0x00000000f0900000,0x00000000f0900000,0x00000000f1480000)
 ParOldGen       total 40960K, used 22703K [0x00000000c4400000, 0x00000000c6c00000, 0x00000000ec180000)
  object space 40960K, 55% used [0x00000000c4400000,0x00000000c5a2bde0,0x00000000c6c00000)
 Metaspace       used 10906K, capacity 11116K, committed 11392K, reserved 1058816K
  class space    used 1267K, capacity 1352K, committed 1408K, reserved 1048576K
}
Event: 11.556 GC heap before
{Heap before GC invocations=20 (full 0):
 PSYoungGen      total 73216K, used 61504K [0x00000000ec180000, 0x00000000f1480000, 0x0000000100000000)
  eden space 61440K, 100% used [0x00000000ec180000,0x00000000efd80000,0x00000000efd80000)
  from space 11776K, 0% used [0x00000000efd80000,0x00000000efd90000,0x00000000f0900000)
  to   space 11776K, 0% used [0x00000000f0900000,0x00000000f0900000,0x00000000f1480000)
 ParOldGen       total 40960K, used 22703K [0x00000000c4400000, 0x00000000c6c00000, 0x00000000ec180000)
  object space 40960K, 55% used [0x00000000c4400000,0x00000000c5a2bde0,0x00000000c6c00000)
 Metaspace       used 10907K, capacity 11116K, committed 11392K, reserved 1058816K
  class space    used 1267K, capacity 1352K, committed 1408K, reserved 1048576K
Event: 11.558 GC heap after
Heap after GC invocations=20 (full 0):
 PSYoungGen      total 73216K, used 64K [0x00000000ec180000, 0x00000000f1480000, 0x0000000100000000)
  eden space 61440K, 0% used [0x00000000ec180000,0x00000000ec180000,0x00000000efd80000)
  from space 11776K, 0% used [0x00000000f0900000,0x00000000f0910000,0x00000000f1480000)
  to   space 11776K, 0% used [0x00000000efd80000,0x00000000efd80000,0x00000000f0900000)
 ParOldGen       total 40960K, used 22703K [0x00000000c4400000, 0x00000000c6c00000, 0x00000000ec180000)
  object space 40960K, 55% used [0x00000000c4400000,0x00000000c5a2bde0,0x00000000c6c00000)
 Metaspace       used 10907K, capacity 11116K, committed 11392K, reserved 1058816K
  class space    used 1267K, capacity 1352K, committed 1408K, reserved 1048576K
}
Event: 11.718 GC heap before
{Heap before GC invocations=21 (full 0):
 PSYoungGen      total 73216K, used 61504K [0x00000000ec180000, 0x00000000f1480000, 0x0000000100000000)
  eden space 61440K, 100% used [0x00000000ec180000,0x00000000efd80000,0x00000000efd80000)
  from space 11776K, 0% used [0x00000000f0900000,0x00000000f0910000,0x00000000f1480000)
  to   space 11776K, 0% used [0x00000000efd80000,0x00000000efd80000,0x00000000f0900000)
 ParOldGen       total 40960K, used 22703K [0x00000000c4400000, 0x00000000c6c00000, 0x00000000ec180000)
  object space 40960K, 55% used [0x00000000c4400000,0x00000000c5a2bde0,0x00000000c6c00000)
 Metaspace       used 10917K, capacity 11116K, committed 11392K, reserved 1058816K
  class space    used 1267K, capacity 1352K, committed 1408K, reserved 1048576K
Event: 11.721 GC heap after
Heap after GC invocations=21 (full 0):
 PSYoungGen      total 73216K, used 96K [0x00000000ec180000, 0x00000000f1480000, 0x0000000100000000)
  eden space 61440K, 0% used [0x00000000ec180000,0x00000000ec180000,0x00000000efd80000)
  from space 11776K, 0% used [0x00000000efd80000,0x00000000efd98000,0x00000000f0900000)
  to   space 11776K, 0% used [0x00000000f0900000,0x00000000f0900000,0x00000000f1480000)
 ParOldGen       total 40960K, used 22719K [0x00000000c4400000, 0x00000000c6c00000, 0x00000000ec180000)
  object space 40960K, 55% used [0x00000000c4400000,0x00000000c5a2fde0,0x00000000c6c00000)
 Metaspace       used 10917K, capacity 11116K, committed 11392K, reserved 1058816K
  class space    used 1267K, capacity 1352K, committed 1408K, reserved 1048576K
}

Deoptimization events (10 events):
Event: 12.588 Thread 0x0000000002df1000 Uncommon trap: reason=unstable_if action=reinterpret pc=0x00000000034920a4 method=oopgame.gadgets.Timer.tick(D)V @ 4
Event: 12.589 Thread 0x0000000017ab9000 Uncommon trap: reason=unstable_if action=reinterpret pc=0x0000000003557e5c method=sun.java2d.loops.RenderCache.get(Lsun/java2d/loops/SurfaceType;Lsun/java2d/loops/CompositeType;Lsun/java2d/loops/SurfaceType;)Ljava/lang/Object; @ 52
Event: 12.596 Thread 0x0000000017ab9000 Uncommon trap: reason=unstable_if action=reinterpret pc=0x0000000003525618 method=sun.java2d.loops.RenderCache.get(Lsun/java2d/loops/SurfaceType;Lsun/java2d/loops/CompositeType;Lsun/java2d/loops/SurfaceType;)Ljava/lang/Object; @ 52
Event: 12.597 Thread 0x0000000017ab9000 Uncommon trap: reason=unstable_if action=reinterpret pc=0x000000000352f860 method=sun.java2d.loops.RenderCache.get(Lsun/java2d/loops/SurfaceType;Lsun/java2d/loops/CompositeType;Lsun/java2d/loops/SurfaceType;)Ljava/lang/Object; @ 52
Event: 12.662 Thread 0x0000000002df1000 Uncommon trap: reason=unstable_if action=reinterpret pc=0x00000000035813a8 method=oopgame.gameobjects.Enemy.tick(D)V @ 20
Event: 13.125 Thread 0x0000000002df1000 Uncommon trap: reason=unstable_if action=reinterpret pc=0x00000000030af784 method=java.awt.geom.Rectangle2D.intersects(DDDD)Z @ 52
Event: 13.126 Thread 0x0000000002df1000 Uncommon trap: reason=unstable_if action=reinterpret pc=0x00000000035ae9c8 method=java.awt.geom.Rectangle2D.intersects(DDDD)Z @ 52
Event: 13.126 Thread 0x0000000002df1000 Uncommon trap: reason=unstable_if action=reinterpret pc=0x0000000003581e48 method=java.awt.geom.Rectangle2D.intersects(DDDD)Z @ 52
Event: 13.236 Thread 0x0000000017ab9000 Uncommon trap: reason=unstable_if action=reinterpret pc=0x00000000030973ec method=java.awt.geom.Rectangle2D.intersects(DDDD)Z @ 76
Event: 13.236 Thread 0x0000000017ab9000 Uncommon trap: reason=unstable_if action=reinterpret pc=0x00000000032d4044 method=java.awt.geom.Rectangle2D.intersects(DDDD)Z @ 64

Internal exceptions (10 events):
Event: 3.280 Thread 0x0000000017ab9000 Exception <a 'java/io/FileNotFoundException'> (0x00000000ecba2100) thrown at [C:\re\workspace\8-2-build-windows-amd64-cygwin\jdk8u45\3457\hotspot\src\share\vm\prims\jni.cpp, line 709]
Event: 3.280 Thread 0x0000000017ab9000 Implicit null exception at 0x000000000322731e to 0x0000000003228564
Event: 3.280 Thread 0x0000000017ab9000 Exception <a 'java/lang/NullPointerException'> (0x00000000ecba28b0) thrown at [C:\re\workspace\8-2-build-windows-amd64-cygwin\jdk8u45\3457\hotspot\src\share\vm\runtime\sharedRuntime.cpp, line 605]
Event: 3.344 Thread 0x0000000017ab9000 Exception <a 'java/io/FileNotFoundException'> (0x00000000ecbc1580) thrown at [C:\re\workspace\8-2-build-windows-amd64-cygwin\jdk8u45\3457\hotspot\src\share\vm\prims\jni.cpp, line 709]
Event: 3.344 Thread 0x0000000017ab9000 Implicit null exception at 0x000000000322731e to 0x0000000003228564
Event: 3.344 Thread 0x0000000017ab9000 Exception <a 'java/lang/NullPointerException'> (0x00000000ecbc1d30) thrown at [C:\re\workspace\8-2-build-windows-amd64-cygwin\jdk8u45\3457\hotspot\src\share\vm\runtime\sharedRuntime.cpp, line 605]
Event: 7.740 Thread 0x0000000017ab9000 Implicit null exception at 0x0000000003295627 to 0x0000000003296a29
Event: 9.233 Thread 0x0000000017ab9000 Implicit null exception at 0x0000000003350c79 to 0x0000000003350f7a
Event: 9.238 Thread 0x0000000017ab9000 Implicit null exception at 0x0000000003243e7b to 0x0000000003243ef1
Event: 9.240 Thread 0x0000000017ab9000 Implicit null exception at 0x0000000003312e95 to 0x0000000003312fd1

Events (10 events):
Event: 13.236 Thread 0x0000000017ab9000 Uncommon trap: trap_request=0xffffff65 fr.pc=0x00000000030973ec
Event: 13.236 Thread 0x0000000017ab9000 DEOPT PACKING pc=0x00000000030973ec sp=0x000000001cc1cad0
Event: 13.236 Thread 0x0000000017ab9000 DEOPT UNPACKING pc=0x0000000002f4582a sp=0x000000001cc1c9e0 mode 2
Event: 13.236 Thread 0x0000000017ab9000 Uncommon trap: trap_request=0xffffff65 fr.pc=0x00000000032d4044
Event: 13.236 Thread 0x0000000017ab9000 DEOPT PACKING pc=0x00000000032d4044 sp=0x000000001cc1ca30
Event: 13.236 Thread 0x0000000017ab9000 DEOPT UNPACKING pc=0x0000000002f4582a sp=0x000000001cc1c9d8 mode 2
Event: 13.360 Thread 0x0000000017ab9000 DEOPT PACKING pc=0x00000000034b5904 sp=0x000000001cc1c8f0
Event: 13.360 Thread 0x0000000017ab9000 DEOPT UNPACKING pc=0x0000000002f4747f sp=0x000000001cc1c7d8 mode 0
Event: 13.506 Thread 0x0000000017ab9000 DEOPT PACKING pc=0x00000000034b5904 sp=0x000000001cc1c8f0
Event: 13.506 Thread 0x0000000017ab9000 DEOPT UNPACKING pc=0x0000000002f4747f sp=0x000000001cc1c7d8 mode 0


Dynamic libraries:
0x00007ff6a02f0000 - 0x00007ff6a0327000 	C:\Program Files\Java\jdk1.8.0_45\bin\java.exe
0x00007ffba5800000 - 0x00007ffba59e1000 	C:\WINDOWS\SYSTEM32\ntdll.dll
0x00007ffba2c90000 - 0x00007ffba2d42000 	C:\WINDOWS\System32\KERNEL32.DLL
0x00007ffba2810000 - 0x00007ffba2a83000 	C:\WINDOWS\System32\KERNELBASE.dll
0x00007ffba2e40000 - 0x00007ffba2ee1000 	C:\WINDOWS\System32\ADVAPI32.dll
0x00007ffba3fb0000 - 0x00007ffba404e000 	C:\WINDOWS\System32\msvcrt.dll
0x00007ffba3750000 - 0x00007ffba37ab000 	C:\WINDOWS\System32\sechost.dll
0x00007ffba56a0000 - 0x00007ffba57c4000 	C:\WINDOWS\System32\RPCRT4.dll
0x00007ffba3080000 - 0x00007ffba3210000 	C:\WINDOWS\System32\USER32.dll
0x00007ffba1c70000 - 0x00007ffba1c90000 	C:\WINDOWS\System32\win32u.dll
0x00007ffba5540000 - 0x00007ffba5568000 	C:\WINDOWS\System32\GDI32.dll
0x00007ffba2a90000 - 0x00007ffba2c22000 	C:\WINDOWS\System32\gdi32full.dll
0x00007ffba1bd0000 - 0x00007ffba1c6f000 	C:\WINDOWS\System32\msvcp_win.dll
0x00007ffba26c0000 - 0x00007ffba27ba000 	C:\WINDOWS\System32\ucrtbase.dll
0x00007ffb97330000 - 0x00007ffb97599000 	C:\WINDOWS\WinSxS\amd64_microsoft.windows.common-controls_6595b64144ccf1df_6.0.17134.48_none_b4b2216a3cb4dd3e\COMCTL32.dll
0x00007ffba3230000 - 0x00007ffba3553000 	C:\WINDOWS\System32\combase.dll
0x00007ffba1d40000 - 0x00007ffba1dba000 	C:\WINDOWS\System32\bcryptPrimitives.dll
0x00007ffba2ef0000 - 0x00007ffba2f1d000 	C:\WINDOWS\System32\IMM32.DLL
0x0000000076450000 - 0x0000000076522000 	C:\Program Files\Java\jdk1.8.0_45\jre\bin\msvcr100.dll
0x0000000076530000 - 0x0000000076db3000 	C:\Program Files\Java\jdk1.8.0_45\jre\bin\server\jvm.dll
0x00007ffba3560000 - 0x00007ffba3568000 	C:\WINDOWS\System32\PSAPI.DLL
0x00007ffb9ea70000 - 0x00007ffb9ea93000 	C:\WINDOWS\SYSTEM32\WINMM.dll
0x00007ffb9da50000 - 0x00007ffb9da59000 	C:\WINDOWS\SYSTEM32\WSOCK32.dll
0x00007ffb9c700000 - 0x00007ffb9c70a000 	C:\WINDOWS\SYSTEM32\VERSION.dll
0x00007ffba37b0000 - 0x00007ffba381c000 	C:\WINDOWS\System32\WS2_32.dll
0x00007ffb9dad0000 - 0x00007ffb9dafa000 	C:\WINDOWS\SYSTEM32\WINMMBASE.dll
0x00007ffba27c0000 - 0x00007ffba2809000 	C:\WINDOWS\System32\cfgmgr32.dll
0x00000000777d0000 - 0x00000000777df000 	C:\Program Files\Java\jdk1.8.0_45\jre\bin\verify.dll
0x00000000763e0000 - 0x0000000076409000 	C:\Program Files\Java\jdk1.8.0_45\jre\bin\java.dll
0x00000000763c0000 - 0x00000000763d6000 	C:\Program Files\Java\jdk1.8.0_45\jre\bin\zip.dll
0x00007ffba4050000 - 0x00007ffba5490000 	C:\WINDOWS\System32\SHELL32.dll
0x00007ffba5490000 - 0x00007ffba5539000 	C:\WINDOWS\System32\shcore.dll
0x00007ffba1fb0000 - 0x00007ffba26bd000 	C:\WINDOWS\System32\windows.storage.dll
0x00007ffba5570000 - 0x00007ffba55c1000 	C:\WINDOWS\System32\shlwapi.dll
0x00007ffba1b60000 - 0x00007ffba1b71000 	C:\WINDOWS\System32\kernel.appcore.dll
0x00007ffba1b30000 - 0x00007ffba1b4f000 	C:\WINDOWS\System32\profapi.dll
0x00007ffba1b80000 - 0x00007ffba1bcc000 	C:\WINDOWS\System32\powrprof.dll
0x00007ffba1b50000 - 0x00007ffba1b5a000 	C:\WINDOWS\System32\FLTLIB.DLL
0x00000000761e0000 - 0x0000000076378000 	C:\Program Files\Java\jdk1.8.0_45\jre\bin\awt.dll
0x00007ffba55d0000 - 0x00007ffba5692000 	C:\WINDOWS\System32\OLEAUT32.dll
0x00007ffb9fea0000 - 0x00007ffb9ff2b000 	C:\WINDOWS\SYSTEM32\apphelp.dll
0x00007ffba0010000 - 0x00007ffba00a8000 	C:\WINDOWS\system32\uxtheme.dll
0x00007ffba3570000 - 0x00007ffba36e5000 	C:\WINDOWS\System32\MSCTF.dll
0x00007ffba02a0000 - 0x00007ffba02c9000 	C:\WINDOWS\system32\dwmapi.dll
0x00007ffba2f20000 - 0x00007ffba3071000 	C:\WINDOWS\System32\ole32.dll
0x00000000763a0000 - 0x00000000763ba000 	C:\Program Files\Java\jdk1.8.0_45\jre\bin\net.dll
0x00007ffba1390000 - 0x00007ffba13f6000 	C:\WINDOWS\system32\mswsock.dll
0x0000000076380000 - 0x0000000076391000 	C:\Program Files\Java\jdk1.8.0_45\jre\bin\nio.dll
0x00007ffb7a360000 - 0x00007ffb7a4f7000 	C:\WINDOWS\system32\d3d9.dll
0x00007ffb9c900000 - 0x00007ffb9ca0e000 	C:\WINDOWS\SYSTEM32\aticfx64.dll
0x00007ffb98e30000 - 0x00007ffb98e3f000 	C:\WINDOWS\SYSTEM32\atiu9p64.dll
0x00007ffb76420000 - 0x00007ffb76b50000 	C:\WINDOWS\SYSTEM32\atiumd64.dll
0x0000000076f20000 - 0x000000007733e000 	C:\WINDOWS\SYSTEM32\atiumd6a.dll
0x0000000076190000 - 0x00000000761d7000 	C:\Program Files\Java\jdk1.8.0_45\jre\bin\fontmanager.dll
0x00007ffb991e0000 - 0x00007ffb99278000 	C:\WINDOWS\System32\TextInputFramework.dll
0x00007ffb9cd30000 - 0x00007ffb9d04e000 	C:\WINDOWS\System32\CoreUIComponents.dll
0x00007ffb9fc90000 - 0x00007ffb9fd6a000 	C:\WINDOWS\System32\CoreMessaging.dll
0x00007ffba0bf0000 - 0x00007ffba0c21000 	C:\WINDOWS\SYSTEM32\ntmarta.dll
0x00007ffb9e060000 - 0x00007ffb9e1ad000 	C:\WINDOWS\SYSTEM32\wintypes.dll
0x0000000076140000 - 0x0000000076181000 	C:\Program Files\Java\jdk1.8.0_45\jre\bin\t2k.dll
0x00007ffb8b3b0000 - 0x00007ffb8b579000 	C:\WINDOWS\SYSTEM32\dbghelp.dll

VM Arguments:
jvm_args: -Dfile.encoding=UTF-8 
java_command: oopgame.main.OOPGame
java_class_path (initial): C:\Users\Conv DACC\Downloads\CacthEmAll 0.1.8  (1)\CacthEmAll 0.1.8  (1)\CatchEmAll 0.1.8\build\classes
Launcher Type: SUN_STANDARD

Environment Variables:
PATH=C:\Program Files (x86)\AMD APP\bin\x86_64;C:\Program Files (x86)\AMD APP\bin\x86;C:\Program Files (x86)\NVIDIA Corporation\PhysX\Common;C:\ProgramData\Oracle\Java\javapath;C:\WINDOWS\system32;C:\WINDOWS;C:\WINDOWS\System32\Wbem;C:\WINDOWS\System32\WindowsPowerShell\v1.0\;C:\Program Files (x86)\Common Files\Acronis\SnapAPI\;C:\MinGW\bin;C:\Program Files (x86)\ATI Technologies\ATI.ACE\Core-Static;C:\WINDOWS\System32\OpenSSH\;C:\Users\Conv DACC\AppData\Local\Microsoft\WindowsApps;C:\node;C:\Users\Conv DACC\AppData\Local\GitHubDesktop\bin;%USERPROFILE%\AppData\Local\Microsoft\WindowsApps;
USERNAME=Conv DACC
OS=Windows_NT
PROCESSOR_IDENTIFIER=AMD64 Family 21 Model 2 Stepping 0, AuthenticAMD



---------------  S Y S T E M  ---------------

OS: Windows 10.0 , 64 bit Build 17134 (10.0.17134.1)

CPU:total 4 (4 cores per cpu, 1 threads per core) family 21 model 2 stepping 0, cmov, cx8, fxsr, mmx, sse, sse2, sse3, ssse3, sse4.1, sse4.2, popcnt, avx, aes, clmul, mmxext, 3dnowpref, lzcnt, sse4a, tsc, tscinvbit, tscinv, bmi1

Memory: 4k page, physical 3913844k(380244k free), swap 3913844k(3700k free)

vm_info: Java HotSpot(TM) 64-Bit Server VM (25.45-b02) for windows-amd64 JRE (1.8.0_45-b14), built on Apr 10 2015 10:34:15 by "java_re" with MS VC++ 10.0 (VS2010)

time: Fri Jun 15 15:58:00 2018
elapsed time: 13 seconds (0d 0h 0m 13s)

