#
# There is insufficient memory for the Java Runtime Environment to continue.
# Native memory allocation (malloc) failed to allocate 1595456 bytes for Chunk::new
# Possible reasons:
#   The system is out of physical RAM or swap space
#   In 32 bit mode, the process size limit was hit
# Possible solutions:
#   Reduce memory load on the system
#   Increase physical memory or swap space
#   Check if swap backing store is full
#   Use 64 bit Java on a 64 bit OS
#   Decrease Java heap size (-Xmx/-Xms)
#   Decrease number of Java threads
#   Decrease Java thread stack sizes (-Xss)
#   Set larger code cache with -XX:ReservedCodeCacheSize=
# This output file may be truncated or incomplete.
#
#  Out of Memory Error (allocation.cpp:390), pid=1216, tid=828
#
# JRE version: Java(TM) SE Runtime Environment (8.0_45-b14) (build 1.8.0_45-b14)
# Java VM: Java HotSpot(TM) 64-Bit Server VM (25.45-b02 mixed mode windows-amd64 compressed oops)
# Failed to write core dump. Minidumps are not enabled by default on client versions of Windows
#

---------------  T H R E A D  ---------------

Current thread (0x0000000014d6c800):  JavaThread "C2 CompilerThread0" daemon [_thread_in_native, id=828, stack(0x00000000162c0000,0x00000000163c0000)]

Stack: [0x00000000162c0000,0x00000000163c0000]
Native frames: (J=compiled Java code, j=interpreted, Vv=VM code, C=native code)
V  [jvm.dll+0x32b57a]
V  [jvm.dll+0x279873]
V  [jvm.dll+0x27a509]
V  [jvm.dll+0x271825]
V  [jvm.dll+0xcb9e2]
V  [jvm.dll+0xcbeac]
V  [jvm.dll+0x476ef2]
V  [jvm.dll+0x4b955f]
V  [jvm.dll+0x46b6b5]
V  [jvm.dll+0x46ccbe]
V  [jvm.dll+0x4500f2]
V  [jvm.dll+0xa4352]
V  [jvm.dll+0xa4c8f]
V  [jvm.dll+0x241984]
V  [jvm.dll+0x29853a]
C  [msvcr100.dll+0x21d9f]
C  [msvcr100.dll+0x21e3b]
C  [KERNEL32.DLL+0x13034]
C  [ntdll.dll+0x71551]


Current CompileTask:
C2:   9218 1797 %     4       oopgame.gameobjects.HUD::render @ 38 (462 bytes)


---------------  P R O C E S S  ---------------

Java Threads: ( => current thread )
  0x0000000017203800 JavaThread "Image Fetcher 0" daemon [_thread_blocked, id=8640, stack(0x000000001f370000,0x000000001f470000)]
  0x00000000170dd800 JavaThread "D3D Screen Updater" daemon [_thread_in_native, id=5776, stack(0x000000001c940000,0x000000001ca40000)]
  0x0000000016f69800 JavaThread "AWT-EventQueue-0" [_thread_blocked, id=10212, stack(0x000000001baf0000,0x000000001bbf0000)]
  0x0000000018586800 JavaThread "AWT-Shutdown" [_thread_blocked, id=8676, stack(0x00000000193b0000,0x00000000194b0000)]
  0x00000000169af800 JavaThread "AWT-Windows" daemon [_thread_in_native, id=9724, stack(0x0000000017710000,0x0000000017810000)]
  0x00000000169ac000 JavaThread "Java2D Disposer" daemon [_thread_blocked, id=3056, stack(0x0000000017510000,0x0000000017610000)]
  0x00000000165e8800 JavaThread "Service Thread" daemon [_thread_blocked, id=4204, stack(0x00000000169c0000,0x0000000016ac0000)]
  0x0000000014d73000 JavaThread "C1 CompilerThread2" daemon [_thread_blocked, id=1420, stack(0x00000000164c0000,0x00000000165c0000)]
  0x0000000014d6f800 JavaThread "C2 CompilerThread1" daemon [_thread_in_native, id=6436, stack(0x00000000163c0000,0x00000000164c0000)]
=>0x0000000014d6c800 JavaThread "C2 CompilerThread0" daemon [_thread_in_native, id=828, stack(0x00000000162c0000,0x00000000163c0000)]
  0x0000000014d6b800 JavaThread "Attach Listener" daemon [_thread_blocked, id=3908, stack(0x00000000161c0000,0x00000000162c0000)]
  0x0000000014d6a800 JavaThread "Signal Dispatcher" daemon [_thread_blocked, id=1116, stack(0x00000000160c0000,0x00000000161c0000)]
  0x0000000002837800 JavaThread "Finalizer" daemon [_thread_blocked, id=4652, stack(0x0000000015fc0000,0x00000000160c0000)]
  0x000000000282f000 JavaThread "Reference Handler" daemon [_thread_blocked, id=4936, stack(0x0000000015ec0000,0x0000000015fc0000)]
  0x0000000002741000 JavaThread "main" [_thread_in_Java, id=11080, stack(0x0000000002620000,0x0000000002720000)]

Other Threads:
  0x0000000014d37000 VMThread [stack: 0x0000000015dc0000,0x0000000015ec0000] [id=3432]
  0x00000000165ed800 WatcherThread [stack: 0x0000000016ac0000,0x0000000016bc0000] [id=2172]

VM state:not at safepoint (normal execution)

VM Mutex/Monitor currently owned by a thread: None

Heap:
 PSYoungGen      total 37376K, used 5209K [0x00000000ec180000, 0x00000000eff00000, 0x0000000100000000)
  eden space 29696K, 17% used [0x00000000ec180000,0x00000000ec66e680,0x00000000ede80000)
  from space 7680K, 2% used [0x00000000ede80000,0x00000000edea8000,0x00000000ee600000)
  to   space 7680K, 0% used [0x00000000ef780000,0x00000000ef780000,0x00000000eff00000)
 ParOldGen       total 40960K, used 12165K [0x00000000c4400000, 0x00000000c6c00000, 0x00000000ec180000)
  object space 40960K, 29% used [0x00000000c4400000,0x00000000c4fe1728,0x00000000c6c00000)
 Metaspace       used 10923K, capacity 11180K, committed 11392K, reserved 1058816K
  class space    used 1272K, capacity 1352K, committed 1408K, reserved 1048576K

Card table byte_map: [0x0000000011cf0000,0x0000000011ed0000] byte_map_base: 0x00000000116ce000

Marking Bits: (ParMarkBitMap*) 0x0000000076d34040
 Begin Bits: [0x0000000012410000, 0x0000000013300000)
 End Bits:   [0x0000000013300000, 0x00000000141f0000)

Polling page: 0x0000000000920000

CodeCache: size=245760Kb used=6032Kb max_used=6451Kb free=239727Kb
 bounds [0x0000000002930000, 0x0000000002f90000, 0x0000000011930000]
 total_blobs=2138 nmethods=1662 adapters=389
 compilation: enabled

Compilation events (10 events):
Event: 9.062 Thread 0x0000000014d6c800 nmethod 1792 0x0000000002b1af50 code [0x0000000002b1b080, 0x0000000002b1b118]
Event: 9.070 Thread 0x0000000014d73000 1793       3       oopgame.gameobjects.Enemy::render (94 bytes)
Event: 9.071 Thread 0x0000000014d73000 nmethod 1793 0x0000000002bf6110 code [0x0000000002bf6340, 0x0000000002bf6ae8]
Event: 9.078 Thread 0x0000000014d6c800 1794       4       sun.java2d.d3d.D3DBlitLoops::enqueueBlit (102 bytes)
Event: 9.082 Thread 0x0000000014d6c800 nmethod 1794 0x0000000002bcee90 code [0x0000000002bcefe0, 0x0000000002bcf178]
Event: 9.082 Thread 0x0000000014d6c800 1795       4       sun.util.locale.provider.LocaleProviderAdapter::getAdapter (171 bytes)
Event: 9.095 Thread 0x0000000014d6c800 nmethod 1795 0x0000000002c03f10 code [0x0000000002c040a0, 0x0000000002c04788]
Event: 9.095 Thread 0x0000000014d6c800 1797 %     4       oopgame.gameobjects.HUD::render @ 38 (462 bytes)
Event: 9.178 Thread 0x0000000014d73000 1800  s    3       java.awt.KeyboardFocusManager::getCurrentKeyboardFocusManager (32 bytes)
Event: 9.179 Thread 0x0000000014d73000 nmethod 1800 0x0000000002be1990 code [0x0000000002be1b20, 0x0000000002be2108]

GC Heap History (10 events):
Event: 8.398 GC heap before
{Heap before GC invocations=7 (full 0):
 PSYoungGen      total 21504K, used 17438K [0x00000000ec180000, 0x00000000eed80000, 0x0000000100000000)
  eden space 14848K, 100% used [0x00000000ec180000,0x00000000ed000000,0x00000000ed000000)
  from space 6656K, 38% used [0x00000000ed700000,0x00000000ed987910,0x00000000edd80000)
  to   space 7168K, 0% used [0x00000000ed000000,0x00000000ed000000,0x00000000ed700000)
 ParOldGen       total 40960K, used 9572K [0x00000000c4400000, 0x00000000c6c00000, 0x00000000ec180000)
  object space 40960K, 23% used [0x00000000c4400000,0x00000000c4d59198,0x00000000c6c00000)
 Metaspace       used 10910K, capacity 11116K, committed 11392K, reserved 1058816K
  class space    used 1271K, capacity 1352K, committed 1408K, reserved 1048576K
Event: 8.407 GC heap after
Heap after GC invocations=7 (full 0):
 PSYoungGen      total 22016K, used 544K [0x00000000ec180000, 0x00000000eed80000, 0x0000000100000000)
  eden space 14848K, 0% used [0x00000000ec180000,0x00000000ec180000,0x00000000ed000000)
  from space 7168K, 7% used [0x00000000ed000000,0x00000000ed088000,0x00000000ed700000)
  to   space 7680K, 0% used [0x00000000ee600000,0x00000000ee600000,0x00000000eed80000)
 ParOldGen       total 40960K, used 11623K [0x00000000c4400000, 0x00000000c6c00000, 0x00000000ec180000)
  object space 40960K, 28% used [0x00000000c4400000,0x00000000c4f59dd0,0x00000000c6c00000)
 Metaspace       used 10910K, capacity 11116K, committed 11392K, reserved 1058816K
  class space    used 1271K, capacity 1352K, committed 1408K, reserved 1048576K
}
Event: 8.462 GC heap before
{Heap before GC invocations=8 (full 0):
 PSYoungGen      total 22016K, used 15392K [0x00000000ec180000, 0x00000000eed80000, 0x0000000100000000)
  eden space 14848K, 100% used [0x00000000ec180000,0x00000000ed000000,0x00000000ed000000)
  from space 7168K, 7% used [0x00000000ed000000,0x00000000ed088000,0x00000000ed700000)
  to   space 7680K, 0% used [0x00000000ee600000,0x00000000ee600000,0x00000000eed80000)
 ParOldGen       total 40960K, used 11623K [0x00000000c4400000, 0x00000000c6c00000, 0x00000000ec180000)
  object space 40960K, 28% used [0x00000000c4400000,0x00000000c4f59dd0,0x00000000c6c00000)
 Metaspace       used 10910K, capacity 11116K, committed 11392K, reserved 1058816K
  class space    used 1271K, capacity 1352K, committed 1408K, reserved 1048576K
Event: 8.467 GC heap after
Heap after GC invocations=8 (full 0):
 PSYoungGen      total 37376K, used 64K [0x00000000ec180000, 0x00000000eed80000, 0x0000000100000000)
  eden space 29696K, 0% used [0x00000000ec180000,0x00000000ec180000,0x00000000ede80000)
  from space 7680K, 0% used [0x00000000ee600000,0x00000000ee610000,0x00000000eed80000)
  to   space 7680K, 0% used [0x00000000ede80000,0x00000000ede80000,0x00000000ee600000)
 ParOldGen       total 40960K, used 12125K [0x00000000c4400000, 0x00000000c6c00000, 0x00000000ec180000)
  object space 40960K, 29% used [0x00000000c4400000,0x00000000c4fd7728,0x00000000c6c00000)
 Metaspace       used 10910K, capacity 11116K, committed 11392K, reserved 1058816K
  class space    used 1271K, capacity 1352K, committed 1408K, reserved 1048576K
}
Event: 8.628 GC heap before
{Heap before GC invocations=9 (full 0):
 PSYoungGen      total 37376K, used 29760K [0x00000000ec180000, 0x00000000eed80000, 0x0000000100000000)
  eden space 29696K, 100% used [0x00000000ec180000,0x00000000ede80000,0x00000000ede80000)
  from space 7680K, 0% used [0x00000000ee600000,0x00000000ee610000,0x00000000eed80000)
  to   space 7680K, 0% used [0x00000000ede80000,0x00000000ede80000,0x00000000ee600000)
 ParOldGen       total 40960K, used 12125K [0x00000000c4400000, 0x00000000c6c00000, 0x00000000ec180000)
  object space 40960K, 29% used [0x00000000c4400000,0x00000000c4fd7728,0x00000000c6c00000)
 Metaspace       used 10910K, capacity 11116K, committed 11392K, reserved 1058816K
  class space    used 1271K, capacity 1352K, committed 1408K, reserved 1048576K
Event: 8.631 GC heap after
Heap after GC invocations=9 (full 0):
 PSYoungGen      total 37376K, used 64K [0x00000000ec180000, 0x00000000eed80000, 0x0000000100000000)
  eden space 29696K, 0% used [0x00000000ec180000,0x00000000ec180000,0x00000000ede80000)
  from space 7680K, 0% used [0x00000000ede80000,0x00000000ede90000,0x00000000ee600000)
  to   space 7680K, 0% used [0x00000000ee600000,0x00000000ee600000,0x00000000eed80000)
 ParOldGen       total 40960K, used 12149K [0x00000000c4400000, 0x00000000c6c00000, 0x00000000ec180000)
  object space 40960K, 29% used [0x00000000c4400000,0x00000000c4fdd728,0x00000000c6c00000)
 Metaspace       used 10910K, capacity 11116K, committed 11392K, reserved 1058816K
  class space    used 1271K, capacity 1352K, committed 1408K, reserved 1048576K
}
Event: 8.747 GC heap before
{Heap before GC invocations=10 (full 0):
 PSYoungGen      total 37376K, used 29760K [0x00000000ec180000, 0x00000000eed80000, 0x0000000100000000)
  eden space 29696K, 100% used [0x00000000ec180000,0x00000000ede80000,0x00000000ede80000)
  from space 7680K, 0% used [0x00000000ede80000,0x00000000ede90000,0x00000000ee600000)
  to   space 7680K, 0% used [0x00000000ee600000,0x00000000ee600000,0x00000000eed80000)
 ParOldGen       total 40960K, used 12149K [0x00000000c4400000, 0x00000000c6c00000, 0x00000000ec180000)
  object space 40960K, 29% used [0x00000000c4400000,0x00000000c4fdd728,0x00000000c6c00000)
 Metaspace       used 10914K, capacity 11116K, committed 11392K, reserved 1058816K
  class space    used 1271K, capacity 1352K, committed 1408K, reserved 1048576K
Event: 8.750 GC heap after
Heap after GC invocations=10 (full 0):
 PSYoungGen      total 37376K, used 64K [0x00000000ec180000, 0x00000000eed80000, 0x0000000100000000)
  eden space 29696K, 0% used [0x00000000ec180000,0x00000000ec180000,0x00000000ede80000)
  from space 7680K, 0% used [0x00000000ee600000,0x00000000ee610000,0x00000000eed80000)
  to   space 7680K, 0% used [0x00000000ede80000,0x00000000ede80000,0x00000000ee600000)
 ParOldGen       total 40960K, used 12157K [0x00000000c4400000, 0x00000000c6c00000, 0x00000000ec180000)
  object space 40960K, 29% used [0x00000000c4400000,0x00000000c4fdf728,0x00000000c6c00000)
 Metaspace       used 10914K, capacity 11116K, committed 11392K, reserved 1058816K
  class space    used 1271K, capacity 1352K, committed 1408K, reserved 1048576K
}
Event: 8.924 GC heap before
{Heap before GC invocations=11 (full 0):
 PSYoungGen      total 37376K, used 29760K [0x00000000ec180000, 0x00000000eed80000, 0x0000000100000000)
  eden space 29696K, 100% used [0x00000000ec180000,0x00000000ede80000,0x00000000ede80000)
  from space 7680K, 0% used [0x00000000ee600000,0x00000000ee610000,0x00000000eed80000)
  to   space 7680K, 0% used [0x00000000ede80000,0x00000000ede80000,0x00000000ee600000)
 ParOldGen       total 40960K, used 12157K [0x00000000c4400000, 0x00000000c6c00000, 0x00000000ec180000)
  object space 40960K, 29% used [0x00000000c4400000,0x00000000c4fdf728,0x00000000c6c00000)
 Metaspace       used 10919K, capacity 11180K, committed 11392K, reserved 1058816K
  class space    used 1271K, capacity 1352K, committed 1408K, reserved 1048576K
Event: 8.926 GC heap after
Heap after GC invocations=11 (full 0):
 PSYoungGen      total 37376K, used 160K [0x00000000ec180000, 0x00000000eff00000, 0x0000000100000000)
  eden space 29696K, 0% used [0x00000000ec180000,0x00000000ec180000,0x00000000ede80000)
  from space 7680K, 2% used [0x00000000ede80000,0x00000000edea8000,0x00000000ee600000)
  to   space 7680K, 0% used [0x00000000ef780000,0x00000000ef780000,0x00000000eff00000)
 ParOldGen       total 40960K, used 12165K [0x00000000c4400000, 0x00000000c6c00000, 0x00000000ec180000)
  object space 40960K, 29% used [0x00000000c4400000,0x00000000c4fe1728,0x00000000c6c00000)
 Metaspace       used 10919K, capacity 11180K, committed 11392K, reserved 1058816K
  class space    used 1271K, capacity 1352K, committed 1408K, reserved 1048576K
}

Deoptimization events (10 events):
Event: 8.172 Thread 0x0000000002741000 Uncommon trap: reason=unstable_if action=reinterpret pc=0x0000000002f028f4 method=oopgame.gadgets.SpawnControl.spawn(D)V @ 15
Event: 8.174 Thread 0x0000000002741000 Uncommon trap: reason=unstable_if action=reinterpret pc=0x0000000002df4710 method=java.util.concurrent.CopyOnWriteArrayList$COWIterator.hasNext()Z @ 9
Event: 8.174 Thread 0x0000000002741000 Uncommon trap: reason=unstable_if action=reinterpret pc=0x0000000002dd8ad8 method=java.util.concurrent.CopyOnWriteArrayList$COWIterator.hasNext()Z @ 9
Event: 8.174 Thread 0x0000000002741000 Uncommon trap: reason=unstable_if action=reinterpret pc=0x0000000002efb52c method=java.util.concurrent.CopyOnWriteArrayList$COWIterator.hasNext()Z @ 9
Event: 8.174 Thread 0x0000000002741000 Uncommon trap: reason=unstable_if action=reinterpret pc=0x0000000002eefb50 method=java.util.concurrent.CopyOnWriteArrayList$COWIterator.hasNext()Z @ 9
Event: 8.876 Thread 0x0000000002741000 Uncommon trap: reason=unstable_if action=reinterpret pc=0x0000000002f2a088 method=oopgame.gadgets.Collision.checkCollision()V @ 342
Event: 8.876 Thread 0x0000000002741000 Uncommon trap: reason=unstable_if action=reinterpret pc=0x0000000002f263a0 method=oopgame.gadgets.Timer.tick(D)V @ 4
Event: 8.882 Thread 0x0000000002741000 Uncommon trap: reason=unstable_if action=reinterpret pc=0x0000000002f245ac method=oopgame.gadgets.Timer.tick(D)V @ 4
Event: 8.890 Thread 0x0000000016f69800 Uncommon trap: reason=unstable_if action=reinterpret pc=0x0000000002f63550 method=sun.java2d.loops.RenderCache.get(Lsun/java2d/loops/SurfaceType;Lsun/java2d/loops/CompositeType;Lsun/java2d/loops/SurfaceType;)Ljava/lang/Object; @ 52
Event: 8.896 Thread 0x0000000016f69800 Uncommon trap: reason=unstable_if action=reinterpret pc=0x0000000002f2f9ac method=sun.java2d.loops.RenderCache.get(Lsun/java2d/loops/SurfaceType;Lsun/java2d/loops/CompositeType;Lsun/java2d/loops/SurfaceType;)Ljava/lang/Object; @ 52

Internal exceptions (10 events):
Event: 3.184 Thread 0x0000000016f69800 Exception <a 'java/io/FileNotFoundException'> (0x00000000ecaf4f20) thrown at [C:\re\workspace\8-2-build-windows-amd64-cygwin\jdk8u45\3457\hotspot\src\share\vm\prims\jni.cpp, line 709]
Event: 3.184 Thread 0x0000000016f69800 Implicit null exception at 0x0000000002c46ade to 0x0000000002c47d24
Event: 3.184 Thread 0x0000000016f69800 Exception <a 'java/lang/NullPointerException'> (0x00000000ecaf56d0) thrown at [C:\re\workspace\8-2-build-windows-amd64-cygwin\jdk8u45\3457\hotspot\src\share\vm\runtime\sharedRuntime.cpp, line 605]
Event: 3.239 Thread 0x0000000016f69800 Exception <a 'java/io/FileNotFoundException'> (0x00000000ecb14430) thrown at [C:\re\workspace\8-2-build-windows-amd64-cygwin\jdk8u45\3457\hotspot\src\share\vm\prims\jni.cpp, line 709]
Event: 3.239 Thread 0x0000000016f69800 Implicit null exception at 0x0000000002c46ade to 0x0000000002c47d24
Event: 3.239 Thread 0x0000000016f69800 Exception <a 'java/lang/NullPointerException'> (0x00000000ecb14be0) thrown at [C:\re\workspace\8-2-build-windows-amd64-cygwin\jdk8u45\3457\hotspot\src\share\vm\runtime\sharedRuntime.cpp, line 605]
Event: 6.030 Thread 0x0000000016f69800 Implicit null exception at 0x0000000002cad867 to 0x0000000002caec69
Event: 7.171 Thread 0x0000000016f69800 Implicit null exception at 0x0000000002d67d79 to 0x0000000002d6807a
Event: 7.175 Thread 0x0000000016f69800 Implicit null exception at 0x0000000002c6237b to 0x0000000002c623f1
Event: 7.178 Thread 0x0000000016f69800 Implicit null exception at 0x0000000002d2b015 to 0x0000000002d2b151

Events (10 events):
Event: 8.948 Thread 0x0000000014d6f800 flushing nmethod 0x0000000002c66810
Event: 8.948 Thread 0x0000000014d6f800 flushing nmethod 0x0000000002c76b10
Event: 8.952 Thread 0x0000000014d6f800 flushing nmethod 0x0000000002cc4e10
Event: 8.952 Thread 0x0000000014d6f800 flushing nmethod 0x0000000002cc8bd0
Event: 8.952 Thread 0x0000000014d6f800 flushing nmethod 0x0000000002ccd0d0
Event: 8.952 Thread 0x0000000014d6f800 flushing nmethod 0x0000000002ceedd0
Event: 8.952 Thread 0x0000000014d6f800 flushing nmethod 0x0000000002cf1350
Event: 8.952 Thread 0x0000000014d6f800 flushing nmethod 0x0000000002cf36d0
Event: 9.085 loading class java/awt/image/BufferedImageOp
Event: 9.085 loading class java/awt/image/BufferedImageOp done


Dynamic libraries:
0x00007ff6a02f0000 - 0x00007ff6a0327000 	C:\Program Files\Java\jdk1.8.0_45\bin\java.exe
0x00007ffba5800000 - 0x00007ffba59e1000 	C:\WINDOWS\SYSTEM32\ntdll.dll
0x00007ffba2c90000 - 0x00007ffba2d42000 	C:\WINDOWS\System32\KERNEL32.DLL
0x00007ffba2810000 - 0x00007ffba2a83000 	C:\WINDOWS\System32\KERNELBASE.dll
0x00007ffba2e40000 - 0x00007ffba2ee1000 	C:\WINDOWS\System32\ADVAPI32.dll
0x00007ffba3fb0000 - 0x00007ffba404e000 	C:\WINDOWS\System32\msvcrt.dll
0x00007ffba3750000 - 0x00007ffba37ab000 	C:\WINDOWS\System32\sechost.dll
0x00007ffba56a0000 - 0x00007ffba57c4000 	C:\WINDOWS\System32\RPCRT4.dll
0x00007ffba3080000 - 0x00007ffba3210000 	C:\WINDOWS\System32\USER32.dll
0x00007ffba1c70000 - 0x00007ffba1c90000 	C:\WINDOWS\System32\win32u.dll
0x00007ffba5540000 - 0x00007ffba5568000 	C:\WINDOWS\System32\GDI32.dll
0x00007ffba2a90000 - 0x00007ffba2c22000 	C:\WINDOWS\System32\gdi32full.dll
0x00007ffba1bd0000 - 0x00007ffba1c6f000 	C:\WINDOWS\System32\msvcp_win.dll
0x00007ffba26c0000 - 0x00007ffba27ba000 	C:\WINDOWS\System32\ucrtbase.dll
0x00007ffb97330000 - 0x00007ffb97599000 	C:\WINDOWS\WinSxS\amd64_microsoft.windows.common-controls_6595b64144ccf1df_6.0.17134.48_none_b4b2216a3cb4dd3e\COMCTL32.dll
0x00007ffba3230000 - 0x00007ffba3553000 	C:\WINDOWS\System32\combase.dll
0x00007ffba1d40000 - 0x00007ffba1dba000 	C:\WINDOWS\System32\bcryptPrimitives.dll
0x00007ffba2ef0000 - 0x00007ffba2f1d000 	C:\WINDOWS\System32\IMM32.DLL
0x0000000076450000 - 0x0000000076522000 	C:\Program Files\Java\jdk1.8.0_45\jre\bin\msvcr100.dll
0x0000000076530000 - 0x0000000076db3000 	C:\Program Files\Java\jdk1.8.0_45\jre\bin\server\jvm.dll
0x00007ffba3560000 - 0x00007ffba3568000 	C:\WINDOWS\System32\PSAPI.DLL
0x00007ffb9ea70000 - 0x00007ffb9ea93000 	C:\WINDOWS\SYSTEM32\WINMM.dll
0x00007ffb9c700000 - 0x00007ffb9c70a000 	C:\WINDOWS\SYSTEM32\VERSION.dll
0x00007ffb9da50000 - 0x00007ffb9da59000 	C:\WINDOWS\SYSTEM32\WSOCK32.dll
0x00007ffb9dad0000 - 0x00007ffb9dafa000 	C:\WINDOWS\SYSTEM32\winmmbase.dll
0x00007ffba37b0000 - 0x00007ffba381c000 	C:\WINDOWS\System32\WS2_32.dll
0x00007ffba27c0000 - 0x00007ffba2809000 	C:\WINDOWS\System32\cfgmgr32.dll
0x00000000777d0000 - 0x00000000777df000 	C:\Program Files\Java\jdk1.8.0_45\jre\bin\verify.dll
0x00000000763e0000 - 0x0000000076409000 	C:\Program Files\Java\jdk1.8.0_45\jre\bin\java.dll
0x00000000763c0000 - 0x00000000763d6000 	C:\Program Files\Java\jdk1.8.0_45\jre\bin\zip.dll
0x00007ffba4050000 - 0x00007ffba5490000 	C:\WINDOWS\System32\SHELL32.dll
0x00007ffba5490000 - 0x00007ffba5539000 	C:\WINDOWS\System32\shcore.dll
0x00007ffba1fb0000 - 0x00007ffba26bd000 	C:\WINDOWS\System32\windows.storage.dll
0x00007ffba5570000 - 0x00007ffba55c1000 	C:\WINDOWS\System32\shlwapi.dll
0x00007ffba1b60000 - 0x00007ffba1b71000 	C:\WINDOWS\System32\kernel.appcore.dll
0x00007ffba1b30000 - 0x00007ffba1b4f000 	C:\WINDOWS\System32\profapi.dll
0x00007ffba1b80000 - 0x00007ffba1bcc000 	C:\WINDOWS\System32\powrprof.dll
0x00007ffba1b50000 - 0x00007ffba1b5a000 	C:\WINDOWS\System32\FLTLIB.DLL
0x00000000761e0000 - 0x0000000076378000 	C:\Program Files\Java\jdk1.8.0_45\jre\bin\awt.dll
0x00007ffba55d0000 - 0x00007ffba5692000 	C:\WINDOWS\System32\OLEAUT32.dll
0x00007ffb9fea0000 - 0x00007ffb9ff2b000 	C:\WINDOWS\SYSTEM32\apphelp.dll
0x00007ffba0010000 - 0x00007ffba00a8000 	C:\WINDOWS\system32\uxtheme.dll
0x00007ffba3570000 - 0x00007ffba36e5000 	C:\WINDOWS\System32\MSCTF.dll
0x00007ffba02a0000 - 0x00007ffba02c9000 	C:\WINDOWS\system32\dwmapi.dll
0x00007ffba2f20000 - 0x00007ffba3071000 	C:\WINDOWS\System32\ole32.dll
0x00000000763a0000 - 0x00000000763ba000 	C:\Program Files\Java\jdk1.8.0_45\jre\bin\net.dll
0x00007ffba1390000 - 0x00007ffba13f6000 	C:\WINDOWS\system32\mswsock.dll
0x0000000076380000 - 0x0000000076391000 	C:\Program Files\Java\jdk1.8.0_45\jre\bin\nio.dll
0x00007ffb7a360000 - 0x00007ffb7a4f7000 	C:\WINDOWS\system32\d3d9.dll
0x00007ffb9c900000 - 0x00007ffb9ca0e000 	C:\WINDOWS\SYSTEM32\aticfx64.dll
0x00007ffb98e30000 - 0x00007ffb98e3f000 	C:\WINDOWS\SYSTEM32\atiu9p64.dll
0x00007ffb76420000 - 0x00007ffb76b50000 	C:\WINDOWS\SYSTEM32\atiumd64.dll
0x0000000076f20000 - 0x000000007733e000 	C:\WINDOWS\SYSTEM32\atiumd6a.dll
0x0000000076190000 - 0x00000000761d7000 	C:\Program Files\Java\jdk1.8.0_45\jre\bin\fontmanager.dll
0x00007ffb991e0000 - 0x00007ffb99278000 	C:\WINDOWS\System32\TextInputFramework.dll
0x00007ffb9fc90000 - 0x00007ffb9fd6a000 	C:\WINDOWS\System32\CoreMessaging.dll
0x00007ffb9cd30000 - 0x00007ffb9d04e000 	C:\WINDOWS\System32\CoreUIComponents.dll
0x00007ffb9e060000 - 0x00007ffb9e1ad000 	C:\WINDOWS\SYSTEM32\wintypes.dll
0x00007ffba0bf0000 - 0x00007ffba0c21000 	C:\WINDOWS\SYSTEM32\ntmarta.dll
0x0000000076140000 - 0x0000000076181000 	C:\Program Files\Java\jdk1.8.0_45\jre\bin\t2k.dll
0x00007ffb8b3b0000 - 0x00007ffb8b579000 	C:\WINDOWS\SYSTEM32\dbghelp.dll

VM Arguments:
jvm_args: -Dfile.encoding=UTF-8 
java_command: oopgame.main.OOPGame
java_class_path (initial): C:\Users\Conv DACC\Downloads\CacthEmAll 0.1.8  (1)\CacthEmAll 0.1.8  (1)\CatchEmAll 0.1.8\build\classes
Launcher Type: SUN_STANDARD

Environment Variables:
PATH=C:\Program Files (x86)\AMD APP\bin\x86_64;C:\Program Files (x86)\AMD APP\bin\x86;C:\Program Files (x86)\NVIDIA Corporation\PhysX\Common;C:\ProgramData\Oracle\Java\javapath;C:\WINDOWS\system32;C:\WINDOWS;C:\WINDOWS\System32\Wbem;C:\WINDOWS\System32\WindowsPowerShell\v1.0\;C:\Program Files (x86)\Common Files\Acronis\SnapAPI\;C:\MinGW\bin;C:\Program Files (x86)\ATI Technologies\ATI.ACE\Core-Static;C:\WINDOWS\System32\OpenSSH\;C:\Users\Conv DACC\AppData\Local\Microsoft\WindowsApps;C:\node;C:\Users\Conv DACC\AppData\Local\GitHubDesktop\bin;%USERPROFILE%\AppData\Local\Microsoft\WindowsApps;
USERNAME=Conv DACC
OS=Windows_NT
PROCESSOR_IDENTIFIER=AMD64 Family 21 Model 2 Stepping 0, AuthenticAMD



---------------  S Y S T E M  ---------------

OS: Windows 10.0 , 64 bit Build 17134 (10.0.17134.1)

CPU:total 4 (4 cores per cpu, 1 threads per core) family 21 model 2 stepping 0, cmov, cx8, fxsr, mmx, sse, sse2, sse3, ssse3, sse4.1, sse4.2, popcnt, avx, aes, clmul, mmxext, 3dnowpref, lzcnt, sse4a, tsc, tscinvbit, tscinv, bmi1

Memory: 4k page, physical 3913844k(351684k free), swap 3913844k(5524k free)

vm_info: Java HotSpot(TM) 64-Bit Server VM (25.45-b02) for windows-amd64 JRE (1.8.0_45-b14), built on Apr 10 2015 10:34:15 by "java_re" with MS VC++ 10.0 (VS2010)

time: Fri Jun 15 15:59:32 2018
elapsed time: 9 seconds (0d 0h 0m 9s)

